2022-06-24 18:00:53.881  WARN 1780 --- [http-nio-8080-exec-7] .w.s.m.s.DefaultHandlerExceptionResolver : Resolved [org.springframework.web.HttpRequestMethodNotSupportedException: Request method 'GET' not supported]
2022-06-24 18:00:55.056  WARN 1780 --- [http-nio-8080-exec-9] .w.s.m.s.DefaultHandlerExceptionResolver : Resolved [org.springframework.web.HttpRequestMethodNotSupportedException: Request method 'GET' not supported]
2022-06-24 18:00:56.139  WARN 1780 --- [http-nio-8080-exec-10] .w.s.m.s.DefaultHandlerExceptionResolver : Resolved [org.springframework.web.HttpRequestMethodNotSupportedException: Request method 'GET' not supported]
2022-06-24 18:00:56.914  WARN 1780 --- [http-nio-8080-exec-3] .w.s.m.s.DefaultHandlerExceptionResolver : Resolved [org.springframework.web.HttpRequestMethodNotSupportedException: Request method 'GET' not supported]
2022-06-24 18:00:57.866  WARN 1780 --- [http-nio-8080-exec-5] .w.s.m.s.DefaultHandlerExceptionResolver : Resolved [org.springframework.web.HttpRequestMethodNotSupportedException: Request method 'GET' not supported]
2022-06-24 18:00:58.525  WARN 1780 --- [http-nio-8080-exec-8] .w.s.m.s.DefaultHandlerExceptionResolver : Resolved [org.springframework.web.HttpRequestMethodNotSupportedException: Request method 'GET' not supported]
2022-06-24 18:01:13.520 DEBUG 1780 --- [http-nio-8080-exec-1] m.b.mapper.ItemMapper.selectList         : ==>  Preparing: SELECT id,title,name,price,image,category,brand,spec,status,create_time,update_time FROM tb_item WHERE (status <> ? AND id = ?)
2022-06-24 18:01:13.536 DEBUG 1780 --- [http-nio-8080-exec-1] m.b.mapper.ItemMapper.selectList         : ==> Parameters: 3(Integer), 1(Long)
2022-06-24 18:01:13.552 DEBUG 1780 --- [http-nio-8080-exec-1] m.b.mapper.ItemMapper.selectList         : <==      Total: 0
2022-06-24 18:01:24.662 DEBUG 1780 --- [http-nio-8080-exec-4] m.b.mapper.ItemMapper.selectList         : ==>  Preparing: SELECT id,title,name,price,image,category,brand,spec,status,create_time,update_time FROM tb_item WHERE (status <> ? AND id = ?)
2022-06-24 18:01:24.663 DEBUG 1780 --- [http-nio-8080-exec-4] m.b.mapper.ItemMapper.selectList         : ==> Parameters: 3(Integer), 2(Long)
2022-06-24 18:01:24.664 DEBUG 1780 --- [http-nio-8080-exec-4] m.b.mapper.ItemMapper.selectList         : <==      Total: 0
2022-06-24 18:01:59.258 DEBUG 1780 --- [http-nio-8080-exec-5] m.b.mapper.ItemMapper.selectList         : ==>  Preparing: SELECT id,title,name,price,image,category,brand,spec,status,create_time,update_time FROM tb_item WHERE (status <> ? AND id = ?)
2022-06-24 18:01:59.259 DEBUG 1780 --- [http-nio-8080-exec-5] m.b.mapper.ItemMapper.selectList         : ==> Parameters: 3(Integer), 10002(Long)
2022-06-24 18:01:59.264 DEBUG 1780 --- [http-nio-8080-exec-5] m.b.mapper.ItemMapper.selectList         : <==      Total: 1
2022-06-24 18:02:04.971 DEBUG 1780 --- [http-nio-8080-exec-8] m.b.mapper.ItemMapper.selectList         : ==>  Preparing: SELECT id,title,name,price,image,category,brand,spec,status,create_time,update_time FROM tb_item WHERE (status <> ? AND id = ?)
2022-06-24 18:02:04.972 DEBUG 1780 --- [http-nio-8080-exec-8] m.b.mapper.ItemMapper.selectList         : ==> Parameters: 3(Integer), 10002(Long)
2022-06-24 18:02:04.975 DEBUG 1780 --- [http-nio-8080-exec-8] m.b.mapper.ItemMapper.selectList         : <==      Total: 1
2022-06-24 18:02:05.319 DEBUG 1780 --- [http-nio-8080-exec-3] m.b.mapper.ItemMapper.selectList         : ==>  Preparing: SELECT id,title,name,price,image,category,brand,spec,status,create_time,update_time FROM tb_item WHERE (status <> ? AND id = ?)
2022-06-24 18:02:05.320 DEBUG 1780 --- [http-nio-8080-exec-3] m.b.mapper.ItemMapper.selectList         : ==> Parameters: 3(Integer), 10002(Long)
2022-06-24 18:02:05.323 DEBUG 1780 --- [http-nio-8080-exec-3] m.b.mapper.ItemMapper.selectList         : <==      Total: 1
2022-06-24 18:02:05.587 DEBUG 1780 --- [http-nio-8080-exec-4] m.b.mapper.ItemMapper.selectList         : ==>  Preparing: SELECT id,title,name,price,image,category,brand,spec,status,create_time,update_time FROM tb_item WHERE (status <> ? AND id = ?)
2022-06-24 18:02:05.588 DEBUG 1780 --- [http-nio-8080-exec-4] m.b.mapper.ItemMapper.selectList         : ==> Parameters: 3(Integer), 10002(Long)
2022-06-24 18:02:05.590 DEBUG 1780 --- [http-nio-8080-exec-4] m.b.mapper.ItemMapper.selectList         : <==      Total: 1
2022-06-24 18:02:05.846 DEBUG 1780 --- [http-nio-8080-exec-7] m.b.mapper.ItemMapper.selectList         : ==>  Preparing: SELECT id,title,name,price,image,category,brand,spec,status,create_time,update_time FROM tb_item WHERE (status <> ? AND id = ?)
2022-06-24 18:02:05.847 DEBUG 1780 --- [http-nio-8080-exec-7] m.b.mapper.ItemMapper.selectList         : ==> Parameters: 3(Integer), 10002(Long)
2022-06-24 18:02:05.849 DEBUG 1780 --- [http-nio-8080-exec-7] m.b.mapper.ItemMapper.selectList         : <==      Total: 1
2022-06-24 18:02:06.083 DEBUG 1780 --- [http-nio-8080-exec-10] m.b.mapper.ItemMapper.selectList         : ==>  Preparing: SELECT id,title,name,price,image,category,brand,spec,status,create_time,update_time FROM tb_item WHERE (status <> ? AND id = ?)
2022-06-24 18:02:06.083 DEBUG 1780 --- [http-nio-8080-exec-10] m.b.mapper.ItemMapper.selectList         : ==> Parameters: 3(Integer), 10002(Long)
2022-06-24 18:02:06.085 DEBUG 1780 --- [http-nio-8080-exec-10] m.b.mapper.ItemMapper.selectList         : <==      Total: 1
2022-06-24 18:02:06.324 DEBUG 1780 --- [http-nio-8080-exec-4] m.b.mapper.ItemMapper.selectList         : ==>  Preparing: SELECT id,title,name,price,image,category,brand,spec,status,create_time,update_time FROM tb_item WHERE (status <> ? AND id = ?)
2022-06-24 18:02:06.324 DEBUG 1780 --- [http-nio-8080-exec-4] m.b.mapper.ItemMapper.selectList         : ==> Parameters: 3(Integer), 10002(Long)
2022-06-24 18:02:06.326 DEBUG 1780 --- [http-nio-8080-exec-4] m.b.mapper.ItemMapper.selectList         : <==      Total: 1
2022-06-24 18:02:06.480 DEBUG 1780 --- [http-nio-8080-exec-5] m.b.mapper.ItemMapper.selectList         : ==>  Preparing: SELECT id,title,name,price,image,category,brand,spec,status,create_time,update_time FROM tb_item WHERE (status <> ? AND id = ?)
2022-06-24 18:02:06.480 DEBUG 1780 --- [http-nio-8080-exec-5] m.b.mapper.ItemMapper.selectList         : ==> Parameters: 3(Integer), 10002(Long)
2022-06-24 18:02:06.483 DEBUG 1780 --- [http-nio-8080-exec-5] m.b.mapper.ItemMapper.selectList         : <==      Total: 1
2022-06-24 18:02:06.689 DEBUG 1780 --- [http-nio-8080-exec-10] m.b.mapper.ItemMapper.selectList         : ==>  Preparing: SELECT id,title,name,price,image,category,brand,spec,status,create_time,update_time FROM tb_item WHERE (status <> ? AND id = ?)
2022-06-24 18:02:06.689 DEBUG 1780 --- [http-nio-8080-exec-10] m.b.mapper.ItemMapper.selectList         : ==> Parameters: 3(Integer), 10002(Long)
2022-06-24 18:02:06.691 DEBUG 1780 --- [http-nio-8080-exec-10] m.b.mapper.ItemMapper.selectList         : <==      Total: 1
2022-06-24 18:02:06.887 DEBUG 1780 --- [http-nio-8080-exec-2] m.b.mapper.ItemMapper.selectList         : ==>  Preparing: SELECT id,title,name,price,image,category,brand,spec,status,create_time,update_time FROM tb_item WHERE (status <> ? AND id = ?)
2022-06-24 18:02:06.888 DEBUG 1780 --- [http-nio-8080-exec-2] m.b.mapper.ItemMapper.selectList         : ==> Parameters: 3(Integer), 10002(Long)
2022-06-24 18:02:06.890 DEBUG 1780 --- [http-nio-8080-exec-2] m.b.mapper.ItemMapper.selectList         : <==      Total: 1
2022-06-24 18:02:07.040 DEBUG 1780 --- [http-nio-8080-exec-5] m.b.mapper.ItemMapper.selectList         : ==>  Preparing: SELECT id,title,name,price,image,category,brand,spec,status,create_time,update_time FROM tb_item WHERE (status <> ? AND id = ?)
2022-06-24 18:02:07.040 DEBUG 1780 --- [http-nio-8080-exec-5] m.b.mapper.ItemMapper.selectList         : ==> Parameters: 3(Integer), 10002(Long)
2022-06-24 18:02:07.042 DEBUG 1780 --- [http-nio-8080-exec-5] m.b.mapper.ItemMapper.selectList         : <==      Total: 1
2022-06-24 18:02:07.211 DEBUG 1780 --- [http-nio-8080-exec-8] m.b.mapper.ItemMapper.selectList         : ==>  Preparing: SELECT id,title,name,price,image,category,brand,spec,status,create_time,update_time FROM tb_item WHERE (status <> ? AND id = ?)
2022-06-24 18:02:07.212 DEBUG 1780 --- [http-nio-8080-exec-8] m.b.mapper.ItemMapper.selectList         : ==> Parameters: 3(Integer), 10002(Long)
2022-06-24 18:02:07.214 DEBUG 1780 --- [http-nio-8080-exec-8] m.b.mapper.ItemMapper.selectList         : <==      Total: 1
2022-06-24 18:02:11.734 DEBUG 1780 --- [http-nio-8080-exec-3] m.b.mapper.ItemMapper.selectList         : ==>  Preparing: SELECT id,title,name,price,image,category,brand,spec,status,create_time,update_time FROM tb_item WHERE (status <> ? AND id = ?)
2022-06-24 18:02:11.734 DEBUG 1780 --- [http-nio-8080-exec-3] m.b.mapper.ItemMapper.selectList         : ==> Parameters: 3(Integer), 10002(Long)
2022-06-24 18:02:11.736 DEBUG 1780 --- [http-nio-8080-exec-3] m.b.mapper.ItemMapper.selectList         : <==      Total: 1
2022-06-24 18:02:14.244 DEBUG 1780 --- [http-nio-8080-exec-4] m.b.mapper.ItemMapper.selectList         : ==>  Preparing: SELECT id,title,name,price,image,category,brand,spec,status,create_time,update_time FROM tb_item WHERE (status <> ? AND id = ?)
2022-06-24 18:02:14.246 DEBUG 1780 --- [http-nio-8080-exec-4] m.b.mapper.ItemMapper.selectList         : ==> Parameters: 3(Integer), 10002(Long)
2022-06-24 18:02:14.250 DEBUG 1780 --- [http-nio-8080-exec-4] m.b.mapper.ItemMapper.selectList         : <==      Total: 1
2022-06-24 18:02:14.745 DEBUG 1780 --- [http-nio-8080-exec-7] m.b.mapper.ItemMapper.selectList         : ==>  Preparing: SELECT id,title,name,price,image,category,brand,spec,status,create_time,update_time FROM tb_item WHERE (status <> ? AND id = ?)
2022-06-24 18:02:14.745 DEBUG 1780 --- [http-nio-8080-exec-7] m.b.mapper.ItemMapper.selectList         : ==> Parameters: 3(Integer), 10002(Long)
2022-06-24 18:02:14.748 DEBUG 1780 --- [http-nio-8080-exec-7] m.b.mapper.ItemMapper.selectList         : <==      Total: 1
2022-06-24 18:02:36.916  INFO 1780 --- [SpringApplicationShutdownHook] com.alibaba.druid.pool.DruidDataSource   : {dataSource-1} closing ...
2022-06-24 18:02:36.920  INFO 1780 --- [SpringApplicationShutdownHook] com.alibaba.druid.pool.DruidDataSource   : {dataSource-1} closed
2022-06-24 18:12:47.868  INFO 20104 --- [main] m.boot_caffeine.BootCaffeineApplication  : Starting BootCaffeineApplication using Java 16.0.2 on mao with PID 20104 (H:\程序\大三暑假\boot_Caffeine\target\classes started by mao in H:\程序\大三暑假\boot_Caffeine)
2022-06-24 18:12:47.870 DEBUG 20104 --- [main] m.boot_caffeine.BootCaffeineApplication  : Running with Spring Boot v2.7.1, Spring v5.3.21
2022-06-24 18:12:47.871  INFO 20104 --- [main] m.boot_caffeine.BootCaffeineApplication  : The following 1 profile is active: "dev"
2022-06-24 18:12:48.607  INFO 20104 --- [main] o.s.b.w.embedded.tomcat.TomcatWebServer  : Tomcat initialized with port(s): 8080 (http)
2022-06-24 18:12:48.614  INFO 20104 --- [main] o.apache.catalina.core.StandardService   : Starting service [Tomcat]
2022-06-24 18:12:48.614  INFO 20104 --- [main] org.apache.catalina.core.StandardEngine  : Starting Servlet engine: [Apache Tomcat/9.0.64]
2022-06-24 18:12:48.699  INFO 20104 --- [main] o.a.c.c.C.[Tomcat].[localhost].[/]       : Initializing Spring embedded WebApplicationContext
2022-06-24 18:12:48.699  INFO 20104 --- [main] w.s.c.ServletWebServerApplicationContext : Root WebApplicationContext: initialization completed in 800 ms
2022-06-24 18:12:48.770  INFO 20104 --- [main] c.a.d.s.b.a.DruidDataSourceAutoConfigure : Init DruidDataSource
2022-06-24 18:12:48.862  INFO 20104 --- [main] com.alibaba.druid.pool.DruidDataSource   : {dataSource-1} inited
2022-06-24 18:12:49.031  WARN 20104 --- [main] c.b.m.core.metadata.TableInfoHelper      : Can not find table primary key in Class: "mao.boot_caffeine.entity.ItemStock".
2022-06-24 18:12:49.032  WARN 20104 --- [main] c.b.m.core.injector.DefaultSqlInjector   : class mao.boot_caffeine.entity.ItemStock ,Not found @TableId annotation, Cannot use Mybatis-Plus 'xxById' Method.
2022-06-24 18:12:49.359  INFO 20104 --- [main] o.s.b.w.embedded.tomcat.TomcatWebServer  : Tomcat started on port(s): 8080 (http) with context path ''
2022-06-24 18:12:49.368  INFO 20104 --- [main] m.boot_caffeine.BootCaffeineApplication  : Started BootCaffeineApplication in 1.844 seconds (JVM running for 2.362)
2022-06-24 18:13:15.786  INFO 20104 --- [http-nio-8080-exec-1] o.a.c.c.C.[Tomcat].[localhost].[/]       : Initializing Spring DispatcherServlet 'dispatcherServlet'
2022-06-24 18:13:15.787  INFO 20104 --- [http-nio-8080-exec-1] o.s.web.servlet.DispatcherServlet        : Initializing Servlet 'dispatcherServlet'
2022-06-24 18:13:15.788  INFO 20104 --- [http-nio-8080-exec-1] o.s.web.servlet.DispatcherServlet        : Completed initialization in 1 ms
2022-06-24 18:13:16.283 DEBUG 20104 --- [http-nio-8080-exec-7] m.b.mapper.ItemMapper.selectList         : ==>  Preparing: SELECT id,title,name,price,image,category,brand,spec,status,create_time,update_time FROM tb_item WHERE (status <> ? AND id = ?)
2022-06-24 18:13:16.298 DEBUG 20104 --- [http-nio-8080-exec-7] m.b.mapper.ItemMapper.selectList         : ==> Parameters: 3(Integer), 10002(Long)
2022-06-24 18:13:16.314 DEBUG 20104 --- [http-nio-8080-exec-7] m.b.mapper.ItemMapper.selectList         : <==      Total: 1
2022-06-24 18:13:45.669 DEBUG 20104 --- [http-nio-8080-exec-1] m.b.mapper.ItemMapper.selectList         : ==>  Preparing: SELECT id,title,name,price,image,category,brand,spec,status,create_time,update_time FROM tb_item WHERE (status <> ? AND id = ?)
2022-06-24 18:13:45.670 DEBUG 20104 --- [http-nio-8080-exec-1] m.b.mapper.ItemMapper.selectList         : ==> Parameters: 3(Integer), 10003(Long)
2022-06-24 18:13:45.672 DEBUG 20104 --- [http-nio-8080-exec-1] m.b.mapper.ItemMapper.selectList         : <==      Total: 1
2022-06-24 18:14:52.743  WARN 20104 --- [http-nio-8080-exec-1] c.a.druid.pool.DruidAbstractDataSource   : discard long time none received connection. , jdbcUrl : jdbc:mysql://localhost:3306/test, version : 1.2.8, lastPacketReceivedIdleMillis : 67066
2022-06-24 18:14:52.771 DEBUG 20104 --- [http-nio-8080-exec-1] m.b.mapper.ItemMapper.selectList         : ==>  Preparing: SELECT id,title,name,price,image,category,brand,spec,status,create_time,update_time FROM tb_item WHERE (status <> ? AND id = ?)
2022-06-24 18:14:52.771 DEBUG 20104 --- [http-nio-8080-exec-1] m.b.mapper.ItemMapper.selectList         : ==> Parameters: 3(Integer), 10003(Long)
2022-06-24 18:14:52.773 DEBUG 20104 --- [http-nio-8080-exec-1] m.b.mapper.ItemMapper.selectList         : <==      Total: 1
2022-06-24 18:31:43.708  WARN 20104 --- [http-nio-8080-exec-10] c.a.druid.pool.DruidAbstractDataSource   : discard long time none received connection. , jdbcUrl : jdbc:mysql://localhost:3306/test, version : 1.2.8, lastPacketReceivedIdleMillis : 1010934
2022-06-24 18:31:43.733 DEBUG 20104 --- [http-nio-8080-exec-10] m.b.mapper.ItemMapper.selectList         : ==>  Preparing: SELECT id,title,name,price,image,category,brand,spec,status,create_time,update_time FROM tb_item WHERE (status <> ? AND id = ?)
2022-06-24 18:31:43.733 DEBUG 20104 --- [http-nio-8080-exec-10] m.b.mapper.ItemMapper.selectList         : ==> Parameters: 3(Integer), 10003(Long)
2022-06-24 18:31:43.736 DEBUG 20104 --- [http-nio-8080-exec-10] m.b.mapper.ItemMapper.selectList         : <==      Total: 1
2022-06-24 18:32:39.952 DEBUG 20104 --- [http-nio-8080-exec-5] m.b.mapper.ItemMapper.selectList         : ==>  Preparing: SELECT id,title,name,price,image,category,brand,spec,status,create_time,update_time FROM tb_item WHERE (status <> ? AND id = ?)
2022-06-24 18:32:39.953 DEBUG 20104 --- [http-nio-8080-exec-5] m.b.mapper.ItemMapper.selectList         : ==> Parameters: 3(Integer), 10004(Long)
2022-06-24 18:32:39.955 DEBUG 20104 --- [http-nio-8080-exec-5] m.b.mapper.ItemMapper.selectList         : <==      Total: 1
2022-06-24 18:33:42.886  WARN 20104 --- [http-nio-8080-exec-8] c.a.druid.pool.DruidAbstractDataSource   : discard long time none received connection. , jdbcUrl : jdbc:mysql://localhost:3306/test, version : 1.2.8, lastPacketReceivedIdleMillis : 62931
